<?xml version="1.0" encoding="UTF-8"?>
<!-- Generated by org.testng.reporters.JUnitXMLReporter -->
<testsuite ignored="0" hostname="V-LT-CHRP005" failures="0" tests="6" name="Default test" time="38.764" errors="0" timestamp="2026-05-15T17:09:09 IST">
  <testcase classname="schneider.tests.LoginTestValidations" name="verify_Empty_Username_Validation" time="1.146"/>
  <testcase classname="schneider.tests.LoginTestValidations" name="verify_Password_Length_Validation" time="1.2"/>
  <testcase classname="schneider.tests.LoginTestValidations" name="verify_Invalid_Credintals_Validation" time="1.259"/>
  <testcase classname="schneider.tests.LoginTestValidations" name="verify_Empty_Password_Validation" time="1.136"/>
  <testcase classname="schneider.tests.LoginTestValidations" name="verify_Login_With_Valid_Credentials" time="2.675"/>
  <testcase classname="schneider.tests.LoginTestValidations" name="verify_Offer_Creation_And_Delete" time="20.17"/>
</testsuite> <!-- Default test -->
