<?xml version="1.0" encoding="UTF-8"?>
<!-- Generated by org.testng.reporters.JUnitXMLReporter -->
<testsuite ignored="0" hostname="V-LT-CHRP005" failures="0" tests="3" name="Default test" time="3.516" errors="0" timestamp="2026-04-30T15:08:18 IST">
  <testcase classname="schneider.tests.LoginTest" name="login" time="0.783"/>
  <testcase classname="schneider.tests.LoginTest" name="testFail" time="0.003"/>
  <testcase classname="schneider.tests.LoginTest" name="testPass" time="0.001"/>
</testsuite> <!-- Default test -->
