<?xml version="1.0" encoding="UTF-8"?>
<testng-results ignored="0" total="6" passed="6" failed="0" skipped="0">
  <reporter-output>
  </reporter-output>
  <suite started-at="2026-05-12T16:39:34 IST" name="Default suite" finished-at="2026-05-12T16:39:56 IST" duration-ms="21825">
    <groups>
    </groups>
    <test started-at="2026-05-12T16:39:34 IST" name="Default test" finished-at="2026-05-12T16:39:56 IST" duration-ms="21825">
      <class name="schneider.tests.LoginTest">
        <test-method is-config="true" signature="setup()[pri:0, instance:schneider.tests.LoginTest@5852c06f]" started-at="2026-05-12T16:39:34 IST" name="setup" finished-at="2026-05-12T16:39:34 IST" duration-ms="6" status="PASS">
          <reporter-output>
          </reporter-output>
        </test-method> <!-- setup -->
        <test-method is-config="true" signature="setUup()[pri:0, instance:schneider.tests.LoginTest@5852c06f]" started-at="2026-05-12T16:39:34 IST" name="setUup" finished-at="2026-05-12T16:39:36 IST" duration-ms="1620" status="PASS">
          <reporter-output>
          </reporter-output>
        </test-method> <!-- setUup -->
        <test-method signature="verify_Empty_Username_Validation()[pri:1, instance:schneider.tests.LoginTest@5852c06f]" started-at="2026-05-12T16:39:36 IST" name="verify_Empty_Username_Validation" finished-at="2026-05-12T16:39:37 IST" duration-ms="1071" status="PASS">
          <reporter-output>
          </reporter-output>
        </test-method> <!-- verify_Empty_Username_Validation -->
        <test-method is-config="true" signature="tearDown()[pri:0, instance:schneider.tests.LoginTest@5852c06f]" started-at="2026-05-12T16:39:37 IST" name="tearDown" finished-at="2026-05-12T16:39:37 IST" duration-ms="191" status="PASS">
          <reporter-output>
          </reporter-output>
        </test-method> <!-- tearDown -->
        <test-method is-config="true" signature="setUup()[pri:0, instance:schneider.tests.LoginTest@5852c06f]" started-at="2026-05-12T16:39:37 IST" name="setUup" finished-at="2026-05-12T16:39:38 IST" duration-ms="1103" status="PASS">
          <reporter-output>
          </reporter-output>
        </test-method> <!-- setUup -->
        <test-method signature="verify_Password_Length_Validation()[pri:2, instance:schneider.tests.LoginTest@5852c06f]" started-at="2026-05-12T16:39:38 IST" name="verify_Password_Length_Validation" finished-at="2026-05-12T16:39:39 IST" duration-ms="1164" status="PASS">
          <reporter-output>
          </reporter-output>
        </test-method> <!-- verify_Password_Length_Validation -->
        <test-method is-config="true" signature="tearDown()[pri:0, instance:schneider.tests.LoginTest@5852c06f]" started-at="2026-05-12T16:39:40 IST" name="tearDown" finished-at="2026-05-12T16:39:40 IST" duration-ms="172" status="PASS">
          <reporter-output>
          </reporter-output>
        </test-method> <!-- tearDown -->
        <test-method is-config="true" signature="setUup()[pri:0, instance:schneider.tests.LoginTest@5852c06f]" started-at="2026-05-12T16:39:40 IST" name="setUup" finished-at="2026-05-12T16:39:41 IST" duration-ms="1052" status="PASS">
          <reporter-output>
          </reporter-output>
        </test-method> <!-- setUup -->
        <test-method signature="verify_Invalid_Credintals_Validation()[pri:3, instance:schneider.tests.LoginTest@5852c06f]" started-at="2026-05-12T16:39:41 IST" name="verify_Invalid_Credintals_Validation" finished-at="2026-05-12T16:39:42 IST" duration-ms="1070" status="PASS">
          <reporter-output>
          </reporter-output>
        </test-method> <!-- verify_Invalid_Credintals_Validation -->
        <test-method is-config="true" signature="tearDown()[pri:0, instance:schneider.tests.LoginTest@5852c06f]" started-at="2026-05-12T16:39:42 IST" name="tearDown" finished-at="2026-05-12T16:39:42 IST" duration-ms="170" status="PASS">
          <reporter-output>
          </reporter-output>
        </test-method> <!-- tearDown -->
        <test-method is-config="true" signature="setUup()[pri:0, instance:schneider.tests.LoginTest@5852c06f]" started-at="2026-05-12T16:39:42 IST" name="setUup" finished-at="2026-05-12T16:39:43 IST" duration-ms="1251" status="PASS">
          <reporter-output>
          </reporter-output>
        </test-method> <!-- setUup -->
        <test-method signature="verify_Empty_Password_Validation()[pri:4, instance:schneider.tests.LoginTest@5852c06f]" started-at="2026-05-12T16:39:43 IST" name="verify_Empty_Password_Validation" finished-at="2026-05-12T16:39:44 IST" duration-ms="877" status="PASS">
          <reporter-output>
          </reporter-output>
        </test-method> <!-- verify_Empty_Password_Validation -->
        <test-method is-config="true" signature="tearDown()[pri:0, instance:schneider.tests.LoginTest@5852c06f]" started-at="2026-05-12T16:39:44 IST" name="tearDown" finished-at="2026-05-12T16:39:45 IST" duration-ms="214" status="PASS">
          <reporter-output>
          </reporter-output>
        </test-method> <!-- tearDown -->
        <test-method is-config="true" signature="setUup()[pri:0, instance:schneider.tests.LoginTest@5852c06f]" started-at="2026-05-12T16:39:45 IST" name="setUup" finished-at="2026-05-12T16:39:46 IST" duration-ms="1036" status="PASS">
          <reporter-output>
          </reporter-output>
        </test-method> <!-- setUup -->
        <test-method signature="verify_Login_With_Valid_Credentials()[pri:5, instance:schneider.tests.LoginTest@5852c06f]" started-at="2026-05-12T16:39:46 IST" name="verify_Login_With_Valid_Credentials" finished-at="2026-05-12T16:39:48 IST" duration-ms="2311" status="PASS">
          <reporter-output>
          </reporter-output>
        </test-method> <!-- verify_Login_With_Valid_Credentials -->
        <test-method is-config="true" signature="tearDown()[pri:0, instance:schneider.tests.LoginTest@5852c06f]" started-at="2026-05-12T16:39:48 IST" name="tearDown" finished-at="2026-05-12T16:39:48 IST" duration-ms="299" status="PASS">
          <reporter-output>
          </reporter-output>
        </test-method> <!-- tearDown -->
        <test-method is-config="true" signature="setUup()[pri:0, instance:schneider.tests.LoginTest@5852c06f]" started-at="2026-05-12T16:39:48 IST" name="setUup" finished-at="2026-05-12T16:39:50 IST" duration-ms="1327" status="PASS">
          <reporter-output>
          </reporter-output>
        </test-method> <!-- setUup -->
        <test-method signature="verify_Offer_Creation_And_Delete()[pri:6, instance:schneider.tests.LoginTest@5852c06f]" started-at="2026-05-12T16:39:50 IST" name="verify_Offer_Creation_And_Delete" finished-at="2026-05-12T16:39:56 IST" duration-ms="5891" status="PASS">
          <reporter-output>
          </reporter-output>
        </test-method> <!-- verify_Offer_Creation_And_Delete -->
        <test-method is-config="true" signature="tearDown()[pri:0, instance:schneider.tests.LoginTest@5852c06f]" started-at="2026-05-12T16:39:56 IST" name="tearDown" finished-at="2026-05-12T16:39:56 IST" duration-ms="168" status="PASS">
          <reporter-output>
          </reporter-output>
        </test-method> <!-- tearDown -->
        <test-method is-config="true" signature="tearDownSuite()[pri:0, instance:schneider.tests.LoginTest@5852c06f]" started-at="2026-05-12T16:39:56 IST" name="tearDownSuite" finished-at="2026-05-12T16:39:56 IST" duration-ms="8" status="PASS">
          <reporter-output>
          </reporter-output>
        </test-method> <!-- tearDownSuite -->
      </class> <!-- schneider.tests.LoginTest -->
    </test> <!-- Default test -->
  </suite> <!-- Default suite -->
</testng-results>
