<?xml version="1.0" encoding="UTF-8"?>
<testng-results ignored="0" total="6" passed="6" failed="0" skipped="0">
  <reporter-output>
  </reporter-output>
  <suite started-at="2026-05-15T17:08:30 IST" name="Default suite" finished-at="2026-05-15T17:09:09 IST" duration-ms="38764">
    <groups>
      <group name="validations">
        <method signature="LoginTestValidations.verify_Empty_Username_Validation()[pri:1, instance:schneider.tests.LoginTestValidations@38af9828]" name="verify_Empty_Username_Validation" class="schneider.tests.LoginTestValidations"/>
        <method signature="LoginTestValidations.verify_Password_Length_Validation()[pri:2, instance:schneider.tests.LoginTestValidations@38af9828]" name="verify_Password_Length_Validation" class="schneider.tests.LoginTestValidations"/>
        <method signature="LoginTestValidations.verify_Invalid_Credintals_Validation()[pri:3, instance:schneider.tests.LoginTestValidations@38af9828]" name="verify_Invalid_Credintals_Validation" class="schneider.tests.LoginTestValidations"/>
        <method signature="LoginTestValidations.verify_Empty_Password_Validation()[pri:4, instance:schneider.tests.LoginTestValidations@38af9828]" name="verify_Empty_Password_Validation" class="schneider.tests.LoginTestValidations"/>
        <method signature="LoginTestValidations.verify_Login_With_Valid_Credentials()[pri:5, instance:schneider.tests.LoginTestValidations@38af9828]" name="verify_Login_With_Valid_Credentials" class="schneider.tests.LoginTestValidations"/>
      </group> <!-- validations -->
    </groups>
    <test started-at="2026-05-15T17:08:30 IST" name="Default test" finished-at="2026-05-15T17:09:09 IST" duration-ms="38764">
      <class name="schneider.tests.LoginTestValidations">
        <test-method is-config="true" signature="setup()[pri:0, instance:schneider.tests.LoginTestValidations@38af9828]" started-at="2026-05-15T17:08:30 IST" name="setup" finished-at="2026-05-15T17:08:30 IST" duration-ms="6" status="PASS">
          <reporter-output>
          </reporter-output>
        </test-method> <!-- setup -->
        <test-method is-config="true" signature="setUup()[pri:0, instance:schneider.tests.LoginTestValidations@38af9828]" started-at="2026-05-15T17:08:30 IST" name="setUup" finished-at="2026-05-15T17:08:32 IST" duration-ms="2157" status="PASS">
          <reporter-output>
          </reporter-output>
        </test-method> <!-- setUup -->
        <test-method signature="verify_Empty_Username_Validation()[pri:1, instance:schneider.tests.LoginTestValidations@38af9828]" started-at="2026-05-15T17:08:32 IST" name="verify_Empty_Username_Validation" finished-at="2026-05-15T17:08:33 IST" duration-ms="1146" status="PASS">
          <reporter-output>
          </reporter-output>
        </test-method> <!-- verify_Empty_Username_Validation -->
        <test-method is-config="true" signature="tearDown()[pri:0, instance:schneider.tests.LoginTestValidations@38af9828]" started-at="2026-05-15T17:08:33 IST" name="tearDown" finished-at="2026-05-15T17:08:33 IST" duration-ms="178" status="PASS">
          <reporter-output>
          </reporter-output>
        </test-method> <!-- tearDown -->
        <test-method is-config="true" signature="setUup()[pri:0, instance:schneider.tests.LoginTestValidations@38af9828]" started-at="2026-05-15T17:08:33 IST" name="setUup" finished-at="2026-05-15T17:08:35 IST" duration-ms="1307" status="PASS">
          <reporter-output>
          </reporter-output>
        </test-method> <!-- setUup -->
        <test-method signature="verify_Password_Length_Validation()[pri:2, instance:schneider.tests.LoginTestValidations@38af9828]" started-at="2026-05-15T17:08:35 IST" name="verify_Password_Length_Validation" finished-at="2026-05-15T17:08:36 IST" duration-ms="1200" status="PASS">
          <reporter-output>
          </reporter-output>
        </test-method> <!-- verify_Password_Length_Validation -->
        <test-method is-config="true" signature="tearDown()[pri:0, instance:schneider.tests.LoginTestValidations@38af9828]" started-at="2026-05-15T17:08:36 IST" name="tearDown" finished-at="2026-05-15T17:08:36 IST" duration-ms="133" status="PASS">
          <reporter-output>
          </reporter-output>
        </test-method> <!-- tearDown -->
        <test-method is-config="true" signature="setUup()[pri:0, instance:schneider.tests.LoginTestValidations@38af9828]" started-at="2026-05-15T17:08:36 IST" name="setUup" finished-at="2026-05-15T17:08:37 IST" duration-ms="1323" status="PASS">
          <reporter-output>
          </reporter-output>
        </test-method> <!-- setUup -->
        <test-method signature="verify_Invalid_Credintals_Validation()[pri:3, instance:schneider.tests.LoginTestValidations@38af9828]" started-at="2026-05-15T17:08:37 IST" name="verify_Invalid_Credintals_Validation" finished-at="2026-05-15T17:08:39 IST" duration-ms="1259" status="PASS">
          <reporter-output>
          </reporter-output>
        </test-method> <!-- verify_Invalid_Credintals_Validation -->
        <test-method is-config="true" signature="tearDown()[pri:0, instance:schneider.tests.LoginTestValidations@38af9828]" started-at="2026-05-15T17:08:39 IST" name="tearDown" finished-at="2026-05-15T17:08:39 IST" duration-ms="172" status="PASS">
          <reporter-output>
          </reporter-output>
        </test-method> <!-- tearDown -->
        <test-method is-config="true" signature="setUup()[pri:0, instance:schneider.tests.LoginTestValidations@38af9828]" started-at="2026-05-15T17:08:39 IST" name="setUup" finished-at="2026-05-15T17:08:40 IST" duration-ms="1531" status="PASS">
          <reporter-output>
          </reporter-output>
        </test-method> <!-- setUup -->
        <test-method signature="verify_Empty_Password_Validation()[pri:4, instance:schneider.tests.LoginTestValidations@38af9828]" started-at="2026-05-15T17:08:40 IST" name="verify_Empty_Password_Validation" finished-at="2026-05-15T17:08:42 IST" duration-ms="1136" status="PASS">
          <reporter-output>
          </reporter-output>
        </test-method> <!-- verify_Empty_Password_Validation -->
        <test-method is-config="true" signature="tearDown()[pri:0, instance:schneider.tests.LoginTestValidations@38af9828]" started-at="2026-05-15T17:08:42 IST" name="tearDown" finished-at="2026-05-15T17:08:42 IST" duration-ms="147" status="PASS">
          <reporter-output>
          </reporter-output>
        </test-method> <!-- tearDown -->
        <test-method is-config="true" signature="setUup()[pri:0, instance:schneider.tests.LoginTestValidations@38af9828]" started-at="2026-05-15T17:08:42 IST" name="setUup" finished-at="2026-05-15T17:08:43 IST" duration-ms="1306" status="PASS">
          <reporter-output>
          </reporter-output>
        </test-method> <!-- setUup -->
        <test-method signature="verify_Login_With_Valid_Credentials()[pri:5, instance:schneider.tests.LoginTestValidations@38af9828]" started-at="2026-05-15T17:08:43 IST" name="verify_Login_With_Valid_Credentials" finished-at="2026-05-15T17:08:46 IST" duration-ms="2675" status="PASS">
          <reporter-output>
          </reporter-output>
        </test-method> <!-- verify_Login_With_Valid_Credentials -->
        <test-method is-config="true" signature="tearDown()[pri:0, instance:schneider.tests.LoginTestValidations@38af9828]" started-at="2026-05-15T17:08:46 IST" name="tearDown" finished-at="2026-05-15T17:08:46 IST" duration-ms="209" status="PASS">
          <reporter-output>
          </reporter-output>
        </test-method> <!-- tearDown -->
        <test-method is-config="true" signature="setUup()[pri:0, instance:schneider.tests.LoginTestValidations@38af9828]" started-at="2026-05-15T17:08:46 IST" name="setUup" finished-at="2026-05-15T17:08:48 IST" duration-ms="2364" status="PASS">
          <reporter-output>
          </reporter-output>
        </test-method> <!-- setUup -->
        <test-method signature="verify_Offer_Creation_And_Delete()[pri:6, instance:schneider.tests.LoginTestValidations@38af9828]" started-at="2026-05-15T17:08:48 IST" name="verify_Offer_Creation_And_Delete" finished-at="2026-05-15T17:09:08 IST" duration-ms="20170" status="PASS">
          <reporter-output>
          </reporter-output>
        </test-method> <!-- verify_Offer_Creation_And_Delete -->
        <test-method is-config="true" signature="tearDown()[pri:0, instance:schneider.tests.LoginTestValidations@38af9828]" started-at="2026-05-15T17:09:08 IST" name="tearDown" finished-at="2026-05-15T17:09:09 IST" duration-ms="297" status="PASS">
          <reporter-output>
          </reporter-output>
        </test-method> <!-- tearDown -->
        <test-method is-config="true" signature="tearDownSuite()[pri:0, instance:schneider.tests.LoginTestValidations@38af9828]" started-at="2026-05-15T17:09:09 IST" name="tearDownSuite" finished-at="2026-05-15T17:09:09 IST" duration-ms="31" status="PASS">
          <reporter-output>
          </reporter-output>
        </test-method> <!-- tearDownSuite -->
      </class> <!-- schneider.tests.LoginTestValidations -->
    </test> <!-- Default test -->
  </suite> <!-- Default suite -->
</testng-results>
