<?xml version="1.0" encoding="UTF-8"?>
<!-- Generated by org.testng.reporters.JUnitReportReporter -->
<testsuite hostname="V-LT-CHRP005" failures="0" tests="6" name="schneider.tests.LoginTest" time="20.987" errors="0" timestamp="2026-05-12T16:39:56 IST" skipped="0">
  <testcase classname="schneider.tests.LoginTest" name="verify_Empty_Username_Validation" time="2.337"/>
  <testcase classname="schneider.tests.LoginTest" name="verify_Password_Length_Validation" time="3.083"/>
  <testcase classname="schneider.tests.LoginTest" name="verify_Invalid_Credintals_Validation" time="2.345"/>
  <testcase classname="schneider.tests.LoginTest" name="verify_Empty_Password_Validation" time="2.296"/>
  <testcase classname="schneider.tests.LoginTest" name="verify_Login_With_Valid_Credentials" time="3.538"/>
  <testcase classname="schneider.tests.LoginTest" name="verify_Offer_Creation_And_Delete" time="7.388"/>
</testsuite> <!-- schneider.tests.LoginTest -->
