<?xml version="1.0" encoding="UTF-8"?>
<!-- Generated by org.testng.reporters.JUnitReportReporter -->
<testsuite hostname="V-LT-CHRP005" failures="0" tests="6" name="schneider.tests.LoginTestValidations" time="38.710" errors="0" timestamp="2026-05-15T17:09:09 IST" skipped="0">
  <testcase classname="schneider.tests.LoginTestValidations" name="verify_Empty_Username_Validation" time="2.824"/>
  <testcase classname="schneider.tests.LoginTestValidations" name="verify_Password_Length_Validation" time="2.715"/>
  <testcase classname="schneider.tests.LoginTestValidations" name="verify_Invalid_Credintals_Validation" time="3.594"/>
  <testcase classname="schneider.tests.LoginTestValidations" name="verify_Empty_Password_Validation" time="3.672"/>
  <testcase classname="schneider.tests.LoginTestValidations" name="verify_Login_With_Valid_Credentials" time="4.115"/>
  <testcase classname="schneider.tests.LoginTestValidations" name="verify_Offer_Creation_And_Delete" time="21.790"/>
</testsuite> <!-- schneider.tests.LoginTestValidations -->
