<?xml version="1.0" encoding="UTF-8"?>
<!-- Generated by org.testng.reporters.JUnitReportReporter -->
<testsuite hostname="V-LT-CHRP005" failures="0" tests="3" name="schneider.tests.LoginTest" time="0.787" errors="0" timestamp="2026-04-30T15:08:18 IST" skipped="0">
  <testcase classname="schneider.tests.LoginTest" name="testPass" time="0.001"/>
  <testcase classname="schneider.tests.LoginTest" name="login" time="0.783"/>
  <testcase classname="schneider.tests.LoginTest" name="testFail" time="0.003"/>
</testsuite> <!-- schneider.tests.LoginTest -->
