<?xml version="1.0" encoding="UTF-8"?>
<!-- Generated by org.testng.reporters.JUnitReportReporter -->
<testsuite hostname="V-LT-CHRP005" failures="0" tests="6" name="schneider.tests.LoginTestValidations" time="20.022" errors="0" timestamp="2026-05-13T14:39:56 IST" skipped="0">
  <testcase classname="schneider.tests.LoginTestValidations" name="verify_Empty_Username_Validation" time="2.227"/>
  <testcase classname="schneider.tests.LoginTestValidations" name="verify_Password_Length_Validation" time="2.149"/>
  <testcase classname="schneider.tests.LoginTestValidations" name="verify_Invalid_Credintals_Validation" time="2.251"/>
  <testcase classname="schneider.tests.LoginTestValidations" name="verify_Empty_Password_Validation" time="2.119"/>
  <testcase classname="schneider.tests.LoginTestValidations" name="verify_Login_With_Valid_Credentials" time="4.184"/>
  <testcase classname="schneider.tests.LoginTestValidations" name="verify_Offer_Creation_And_Delete" time="7.092"/>
</testsuite> <!-- schneider.tests.LoginTestValidations -->
